#-----------------------------------------------------------
# Webtalk v2017.4 (64-bit)
# SW Build 2086221 on Fri Dec 15 20:55:39 MST 2017
# 
# Start of session at: Wed Dec  8 17:01:21 2021
# Process ID: 42352
# Current directory: D:/P_E/Xilinx/Project/RISCVCPU/RISCVCPU.sdk/webtalk
# Command line: wbtcv.exe -mode batch -source sdk_webtalk.tcl
# Log file: D:/P_E/Xilinx/Project/RISCVCPU/RISCVCPU.sdk/webtalk/webtalk.log
# Journal file: D:/P_E/Xilinx/Project/RISCVCPU/RISCVCPU.sdk/webtalk\webtalk.jou
#-----------------------------------------------------------
source sdk_webtalk.tcl
# webtalk_init -webtalk_dir D:\\P_E\\Xilinx\\Project\\RISCVCPU\\RISCVCPU.sdk\\webtalk
# webtalk_register_client -client project
# webtalk_add_data -client project -key date_generated -value "2021-12-08 17:01:20" -context "software_version_and_target_device"
# webtalk_add_data -client project -key product_version -value "SDK v2017.4" -context "software_version_and_target_device"
# webtalk_add_data -client project -key build_version -value "2017.4" -context "software_version_and_target_device"
# webtalk_add_data -client project -key os_platform -value "amd64" -context "software_version_and_target_device"
# webtalk_add_data -client project -key registration_id -value "" -context "software_version_and_target_device"
# webtalk_add_data -client project -key tool_flow -value "SDK" -context "software_version_and_target_device"
# webtalk_add_data -client project -key beta -value "false" -context "software_version_and_target_device"
# webtalk_add_data -client project -key route_design -value "NA" -context "software_version_and_target_device"
# webtalk_add_data -client project -key target_family -value "NA" -context "software_version_and_target_device"
# webtalk_add_data -client project -key target_device -value "NA" -context "software_version_and_target_device"
# webtalk_add_data -client project -key target_package -value "NA" -context "software_version_and_target_device"
# webtalk_add_data -client project -key target_speed -value "NA" -context "software_version_and_target_device"
# webtalk_add_data -client project -key random_id -value "80e5kr97k58osasouv4kugscdl" -context "software_version_and_target_device"
# webtalk_add_data -client project -key project_id -value "2017.4_7" -context "software_version_and_target_device"
# webtalk_add_data -client project -key project_iteration -value "7" -context "software_version_and_target_device"
# webtalk_add_data -client project -key os_name -value "Microsoft Windows 8 or later , 64-bit" -context "user_environment"
# webtalk_add_data -client project -key os_release -value "major release  (build 9200)" -context "user_environment"
# webtalk_add_data -client project -key cpu_name -value "AMD Ryzen 7 5800H with Radeon Graphics         " -context "user_environment"
# webtalk_add_data -client project -key cpu_speed -value "3194 MHz" -context "user_environment"
# webtalk_add_data -client project -key total_processors -value "1" -context "user_environment"
# webtalk_add_data -client project -key system_ram -value "17.025 GB" -context "user_environment"
# webtalk_register_client -client sdk
# webtalk_add_data -client sdk -key uid -value "1638952176490" -context "sdk\\\\hardware/1638952176490"
# webtalk_add_data -client sdk -key isZynq -value "true" -context "sdk\\\\hardware/1638952176490"
# webtalk_add_data -client sdk -key isZynqMP -value "false" -context "sdk\\\\hardware/1638952176490"
# webtalk_add_data -client sdk -key Processors -value "2" -context "sdk\\\\hardware/1638952176490"
# webtalk_add_data -client sdk -key VivadoVersion -value "2017.4" -context "sdk\\\\hardware/1638952176490"
# webtalk_add_data -client sdk -key Arch -value "zynq" -context "sdk\\\\hardware/1638952176490"
# webtalk_add_data -client sdk -key Device -value "7z020" -context "sdk\\\\hardware/1638952176490"
# webtalk_add_data -client sdk -key IsHandoff -value "true" -context "sdk\\\\hardware/1638952176490"
# webtalk_add_data -client sdk -key os -value "NA" -context "sdk\\\\hardware/1638952176490"
# webtalk_add_data -client sdk -key apptemplate -value "NA" -context "sdk\\\\hardware/1638952176490"
# webtalk_add_data -client sdk -key RecordType -value "HWCreation" -context "sdk\\\\hardware/1638952176490"
# webtalk_add_data -client sdk -key uid -value "1638952224658" -context "sdk\\\\bsp/1638952224658"
# webtalk_add_data -client sdk -key hwid -value "1638952176490" -context "sdk\\\\bsp/1638952224658"
# webtalk_add_data -client sdk -key os -value "standalone" -context "sdk\\\\bsp/1638952224658"
# webtalk_add_data -client sdk -key apptemplate -value "hello_world" -context "sdk\\\\bsp/1638952224658"
# webtalk_add_data -client sdk -key RecordType -value "BSPCreation" -context "sdk\\\\bsp/1638952224658"
# webtalk_add_data -client sdk -key uid -value "1638952226578" -context "sdk\\\\application/1638952226578"
# webtalk_add_data -client sdk -key hwid -value "1638952176490" -context "sdk\\\\application/1638952226578"
# webtalk_add_data -client sdk -key bspid -value "1638952224658" -context "sdk\\\\application/1638952226578"
# webtalk_add_data -client sdk -key newbsp -value "true" -context "sdk\\\\application/1638952226578"
# webtalk_add_data -client sdk -key os -value "standalone" -context "sdk\\\\application/1638952226578"
# webtalk_add_data -client sdk -key apptemplate -value "hello_world" -context "sdk\\\\application/1638952226578"
# webtalk_add_data -client sdk -key RecordType -value "APPCreation" -context "sdk\\\\application/1638952226578"
# webtalk_add_data -client sdk -key LangUsed -value "C" -context "sdk\\\\application/1638952226578"
# webtalk_add_data -client sdk -key Procused -value "ps7_cortexa9" -context "sdk\\\\application/1638952226578"
# webtalk_add_data -client sdk -key projSize -value "207.01953125" -context "sdk\\\\application/1638952226578"
# webtalk_add_data -client sdk -key uid -value "NA" -context "sdk\\\\bsp/1638954080554"
# webtalk_add_data -client sdk -key RecordType -value "ToolUsage" -context "sdk\\\\bsp/1638954080554"
# webtalk_add_data -client sdk -key BootgenCount -value "0" -context "sdk\\\\bsp/1638954080554"
# webtalk_add_data -client sdk -key DebugCount -value "7" -context "sdk\\\\bsp/1638954080554"
# webtalk_add_data -client sdk -key PerfCount -value "0" -context "sdk\\\\bsp/1638954080554"
# webtalk_add_data -client sdk -key FlashCount -value "0" -context "sdk\\\\bsp/1638954080554"
# webtalk_add_data -client sdk -key CrossTriggCount -value "0" -context "sdk\\\\bsp/1638954080554"
# webtalk_add_data -client sdk -key QemuDebugCount -value "0" -context "sdk\\\\bsp/1638954080554"
# webtalk_transmit -clientid 2403165949 -regid "" -xml D:\\P_E\\Xilinx\\Project\\RISCVCPU\\RISCVCPU.sdk\\webtalk\\usage_statistics_ext_sdk.xml -html D:\\P_E\\Xilinx\\Project\\RISCVCPU\\RISCVCPU.sdk\\webtalk\\usage_statistics_ext_sdk.html -wdm D:\\P_E\\Xilinx\\Project\\RISCVCPU\\RISCVCPU.sdk\\webtalk\\sdk_webtalk.wdm -intro "<H3>SDK Usage Report</H3><BR>"
# webtalk_terminate
INFO: [Common 17-206] Exiting Webtalk at Wed Dec  8 17:01:26 2021...
