INFO: [VRFC 10-2263] Analyzing Verilog file "C:/Users/LVCS/Desktop/RISCVCPU/RISCVCPU.srcs/sources_1/imports/new/DC.v" into library xil_defaultlib
INFO: [VRFC 10-311] analyzing module DC
INFO: [VRFC 10-2263] Analyzing Verilog file "C:/Users/LVCS/Desktop/RISCVCPU/RISCVCPU.srcs/sources_1/imports/new/EXE.v" into library xil_defaultlib
INFO: [VRFC 10-311] analyzing module EXE
INFO: [VRFC 10-2263] Analyzing Verilog file "C:/Users/LVCS/Desktop/RISCVCPU/RISCVCPU.srcs/sources_1/imports/new/MEM.v" into library xil_defaultlib
INFO: [VRFC 10-311] analyzing module MEM
INFO: [VRFC 10-2263] Analyzing Verilog file "C:/Users/LVCS/Desktop/RISCVCPU/RISCVCPU.srcs/sources_1/imports/new/MUX16.v" into library xil_defaultlib
INFO: [VRFC 10-311] analyzing module MUX16
INFO: [VRFC 10-2263] Analyzing Verilog file "C:/Users/LVCS/Desktop/RISCVCPU/RISCVCPU.srcs/sources_1/imports/new/MUX2.v" into library xil_defaultlib
INFO: [VRFC 10-311] analyzing module MUX2
INFO: [VRFC 10-2263] Analyzing Verilog file "C:/Users/LVCS/Desktop/RISCVCPU/RISCVCPU.srcs/sources_1/imports/new/MUX8.v" into library xil_defaultlib
INFO: [VRFC 10-311] analyzing module MUX8
INFO: [VRFC 10-2263] Analyzing Verilog file "C:/Users/LVCS/Desktop/RISCVCPU/RISCVCPU.srcs/sources_1/imports/new/PCC.v" into library xil_defaultlib
INFO: [VRFC 10-311] analyzing module PCC
INFO: [VRFC 10-2263] Analyzing Verilog file "C:/Users/LVCS/Desktop/RISCVCPU/RISCVCPU.srcs/sources_1/imports/new/REG_FILE.v" into library xil_defaultlib
INFO: [VRFC 10-311] analyzing module REG_FILE
INFO: [VRFC 10-2263] Analyzing Verilog file "C:/Users/LVCS/Desktop/RISCVCPU/RISCVCPU.srcs/sources_1/imports/new/REG_HE.v" into library xil_defaultlib
INFO: [VRFC 10-311] analyzing module REG_HE
INFO: [VRFC 10-2263] Analyzing Verilog file "C:/Users/LVCS/Desktop/RISCVCPU/RISCVCPU.srcs/sources_1/imports/new/REG_HE_PC.v" into library xil_defaultlib
INFO: [VRFC 10-311] analyzing module REG_HE_PC
INFO: [VRFC 10-2263] Analyzing Verilog file "C:/Users/LVCS/Desktop/RISCVCPU/RISCVCPU.srcs/sources_1/imports/new/WB.v" into library xil_defaultlib
INFO: [VRFC 10-311] analyzing module WB
INFO: [VRFC 10-2263] Analyzing Verilog file "C:/Users/LVCS/Desktop/RISCVCPU/RISCVCPU.srcs/sources_1/imports/new/_MUX16.v" into library xil_defaultlib
INFO: [VRFC 10-311] analyzing module _MUX16
INFO: [VRFC 10-2263] Analyzing Verilog file "C:/Users/LVCS/Desktop/RISCVCPU/RISCVCPU.srcs/sources_1/imports/new/_MUX8.v" into library xil_defaultlib
INFO: [VRFC 10-311] analyzing module _MUX8
INFO: [VRFC 10-2263] Analyzing Verilog file "C:/Users/LVCS/Desktop/RISCVCPU/RISCVCPU.srcs/sources_1/imports/new/pipe_control.v" into library xil_defaultlib
INFO: [VRFC 10-311] analyzing module pipe_control
INFO: [VRFC 10-2263] Analyzing Verilog file "C:/Users/LVCS/Desktop/RISCVCPU/RISCVCPU.srcs/sources_1/imports/new/CPU.v" into library xil_defaultlib
INFO: [VRFC 10-311] analyzing module CPU
INFO: [VRFC 10-2263] Analyzing Verilog file "C:/Users/LVCS/Desktop/RISCVCPU/RISCVCPU.srcs/sources_1/imports/new/mem_control.v" into library xil_defaultlib
INFO: [VRFC 10-311] analyzing module mem_control
INFO: [VRFC 10-2263] Analyzing Verilog file "C:/Users/LVCS/Desktop/RISCVCPU/RISCVCPU.ip_user_files/bd/TOP/ip/TOP_CPU_0_0/sim/TOP_CPU_0_0.v" into library xil_defaultlib
INFO: [VRFC 10-311] analyzing module TOP_CPU_0_0
INFO: [VRFC 10-2263] Analyzing Verilog file "C:/Users/LVCS/Desktop/RISCVCPU/RISCVCPU.ip_user_files/bd/TOP/ip/TOP_mem_control_0_0/sim/TOP_mem_control_0_0.v" into library xil_defaultlib
INFO: [VRFC 10-311] analyzing module TOP_mem_control_0_0
INFO: [VRFC 10-2263] Analyzing Verilog file "C:/Users/LVCS/Desktop/RISCVCPU/RISCVCPU.ip_user_files/bd/TOP/ip/TOP_blk_mem_gen_1_0/sim/TOP_blk_mem_gen_1_0.v" into library xil_defaultlib
INFO: [VRFC 10-311] analyzing module TOP_blk_mem_gen_1_0
INFO: [VRFC 10-2263] Analyzing Verilog file "C:/Users/LVCS/Desktop/RISCVCPU/RISCVCPU.ip_user_files/bd/TOP/ip/TOP_processing_system7_0_0/sim/TOP_processing_system7_0_0.v" into library xil_defaultlib
INFO: [VRFC 10-311] analyzing module TOP_processing_system7_0_0
INFO: [VRFC 10-2263] Analyzing SystemVerilog file "C:/Users/LVCS/Desktop/RISCVCPU/RISCVCPU.ip_user_files/bd/TOP/ip/TOP_axi_smc_0/bd_0/ip/ip_5/sim/bd_ab6f_s00a2s_0.sv" into library xil_defaultlib
INFO: [VRFC 10-311] analyzing module bd_ab6f_s00a2s_0
INFO: [VRFC 10-2263] Analyzing SystemVerilog file "C:/Users/LVCS/Desktop/RISCVCPU/RISCVCPU.ip_user_files/bd/TOP/ip/TOP_axi_smc_0/bd_0/ip/ip_11/sim/bd_ab6f_m00s2a_0.sv" into library xil_defaultlib
INFO: [VRFC 10-311] analyzing module bd_ab6f_m00s2a_0
INFO: [VRFC 10-2263] Analyzing SystemVerilog file "C:/Users/LVCS/Desktop/RISCVCPU/RISCVCPU.ip_user_files/bd/TOP/ip/TOP_axi_smc_0/bd_0/ip/ip_12/sim/bd_ab6f_m00e_0.sv" into library xil_defaultlib
INFO: [VRFC 10-311] analyzing module bd_ab6f_m00e_0
INFO: [VRFC 10-2263] Analyzing SystemVerilog file "C:/Users/LVCS/Desktop/RISCVCPU/RISCVCPU.ip_user_files/bd/TOP/ip/TOP_axi_smc_0/bd_0/ip/ip_6/sim/bd_ab6f_sarn_0.sv" into library xil_defaultlib
INFO: [VRFC 10-311] analyzing module bd_ab6f_sarn_0
INFO: [VRFC 10-2263] Analyzing SystemVerilog file "C:/Users/LVCS/Desktop/RISCVCPU/RISCVCPU.ip_user_files/bd/TOP/ip/TOP_axi_smc_0/bd_0/ip/ip_7/sim/bd_ab6f_srn_0.sv" into library xil_defaultlib
INFO: [VRFC 10-311] analyzing module bd_ab6f_srn_0
INFO: [VRFC 10-2263] Analyzing SystemVerilog file "C:/Users/LVCS/Desktop/RISCVCPU/RISCVCPU.ip_user_files/bd/TOP/ip/TOP_axi_smc_0/bd_0/ip/ip_8/sim/bd_ab6f_sawn_0.sv" into library xil_defaultlib
INFO: [VRFC 10-311] analyzing module bd_ab6f_sawn_0
INFO: [VRFC 10-2263] Analyzing SystemVerilog file "C:/Users/LVCS/Desktop/RISCVCPU/RISCVCPU.ip_user_files/bd/TOP/ip/TOP_axi_smc_0/bd_0/ip/ip_9/sim/bd_ab6f_swn_0.sv" into library xil_defaultlib
INFO: [VRFC 10-311] analyzing module bd_ab6f_swn_0
INFO: [VRFC 10-2263] Analyzing SystemVerilog file "C:/Users/LVCS/Desktop/RISCVCPU/RISCVCPU.ip_user_files/bd/TOP/ip/TOP_axi_smc_0/bd_0/ip/ip_10/sim/bd_ab6f_sbn_0.sv" into library xil_defaultlib
INFO: [VRFC 10-311] analyzing module bd_ab6f_sbn_0
INFO: [VRFC 10-2263] Analyzing SystemVerilog file "C:/Users/LVCS/Desktop/RISCVCPU/RISCVCPU.ip_user_files/bd/TOP/ip/TOP_axi_smc_0/bd_0/ip/ip_2/sim/bd_ab6f_s00mmu_0.sv" into library xil_defaultlib
INFO: [VRFC 10-311] analyzing module bd_ab6f_s00mmu_0
INFO: [VRFC 10-2263] Analyzing SystemVerilog file "C:/Users/LVCS/Desktop/RISCVCPU/RISCVCPU.ip_user_files/bd/TOP/ip/TOP_axi_smc_0/bd_0/ip/ip_3/sim/bd_ab6f_s00tr_0.sv" into library xil_defaultlib
INFO: [VRFC 10-311] analyzing module bd_ab6f_s00tr_0
INFO: [VRFC 10-2263] Analyzing SystemVerilog file "C:/Users/LVCS/Desktop/RISCVCPU/RISCVCPU.ip_user_files/bd/TOP/ip/TOP_axi_smc_0/bd_0/ip/ip_4/sim/bd_ab6f_s00sic_0.sv" into library xil_defaultlib
INFO: [VRFC 10-311] analyzing module bd_ab6f_s00sic_0
INFO: [VRFC 10-2263] Analyzing Verilog file "C:/Users/LVCS/Desktop/RISCVCPU/RISCVCPU.ip_user_files/bd/TOP/ip/TOP_axi_smc_0/bd_0/ip/ip_0/sim/bd_ab6f_one_0.v" into library xil_defaultlib
INFO: [VRFC 10-311] analyzing module bd_ab6f_one_0
INFO: [VRFC 10-2263] Analyzing Verilog file "C:/Users/LVCS/Desktop/RISCVCPU/RISCVCPU.ip_user_files/bd/TOP/ip/TOP_axi_smc_0/bd_0/sim/bd_ab6f.v" into library xil_defaultlib
INFO: [VRFC 10-311] analyzing module bd_ab6f
INFO: [VRFC 10-311] analyzing module clk_map_imp_1LCUJPM
INFO: [VRFC 10-311] analyzing module m00_exit_pipeline_imp_F0D1G1
INFO: [VRFC 10-311] analyzing module s00_entry_pipeline_imp_1E9VD02
INFO: [VRFC 10-311] analyzing module s00_nodes_imp_18JIGZS
INFO: [VRFC 10-2263] Analyzing Verilog file "C:/Users/LVCS/Desktop/RISCVCPU/RISCVCPU.ip_user_files/bd/TOP/ip/TOP_axi_smc_0/sim/TOP_axi_smc_0.v" into library xil_defaultlib
INFO: [VRFC 10-311] analyzing module TOP_axi_smc_0
INFO: [VRFC 10-2263] Analyzing Verilog file "C:/Users/LVCS/Desktop/RISCVCPU/RISCVCPU.ip_user_files/bd/TOP/ip/TOP_blk_mem_gen_0_1/sim/TOP_blk_mem_gen_0_1.v" into library xil_defaultlib
INFO: [VRFC 10-311] analyzing module TOP_blk_mem_gen_0_1
INFO: [VRFC 10-2263] Analyzing Verilog file "C:/Users/LVCS/Desktop/RISCVCPU/RISCVCPU.ip_user_files/bd/TOP/sim/TOP.v" into library xil_defaultlib
INFO: [VRFC 10-311] analyzing module TOP
INFO: [VRFC 10-2263] Analyzing Verilog file "C:/Users/LVCS/Desktop/RISCVCPU/RISCVCPU.srcs/sources_1/bd/TOP/hdl/TOP_wrapper.v" into library xil_defaultlib
INFO: [VRFC 10-311] analyzing module TOP_wrapper
INFO: [VRFC 10-2263] Analyzing Verilog file "C:/Users/LVCS/Desktop/RISCVCPU/RISCVCPU.srcs/sim_1/new/testbench.v" into library xil_defaultlib
INFO: [VRFC 10-311] analyzing module testbench
